<?xml version="1.0" encoding="UTF-8"?>
<testng-results skipped="0" failed="0" total="1" passed="1">
  <reporter-output>
  </reporter-output>
  <suite name="Suite" duration-ms="11590" started-at="2018-02-09T18:11:34Z" finished-at="2018-02-09T18:11:45Z">
    <groups>
    </groups>
    <test name="Default test" duration-ms="11590" started-at="2018-02-09T18:11:34Z" finished-at="2018-02-09T18:11:45Z">
      <class name="com.full.tests.ConnFireFoxSimple">
        <test-method status="PASS" signature="function()[pri:0, instance:com.full.tests.ConnFireFoxSimple@6d00a15d]" name="function" duration-ms="11571" started-at="2018-02-09T13:11:34Z" finished-at="2018-02-09T13:11:45Z">
          <reporter-output>
          </reporter-output>
        </test-method> <!-- function -->
      </class> <!-- com.full.tests.ConnFireFoxSimple -->
    </test> <!-- Default test -->
  </suite> <!-- Suite -->
</testng-results>
