<?xml version="1.0" encoding="UTF-8"?>
<testng-results skipped="0" failed="0" total="1" passed="1">
  <reporter-output>
  </reporter-output>
  <suite name="Default suite" duration-ms="17715" started-at="2018-02-08T10:35:33Z" finished-at="2018-02-08T10:35:51Z">
    <groups>
    </groups>
    <test name="Default test" duration-ms="17715" started-at="2018-02-08T10:35:33Z" finished-at="2018-02-08T10:35:51Z">
      <class name="com.full.tests.tests">
        <test-method status="PASS" signature="wikipediaSearch()[pri:0, instance:com.full.tests.tests@51081592]" name="wikipediaSearch" duration-ms="17693" started-at="2018-02-08T05:35:33Z" finished-at="2018-02-08T05:35:51Z">
          <reporter-output>
          </reporter-output>
        </test-method> <!-- wikipediaSearch -->
      </class> <!-- com.full.tests.tests -->
    </test> <!-- Default test -->
  </suite> <!-- Default suite -->
</testng-results>
